#
# There is insufficient memory for the Java Runtime Environment to continue.
# Native memory allocation (mmap) failed to map 132120576 bytes for G1 virtual space
# Possible reasons:
#   The system is out of physical RAM or swap space
#   The process is running with CompressedOops enabled, and the Java Heap may be blocking the growth of the native heap
# Possible solutions:
#   Reduce memory load on the system
#   Increase physical memory or swap space
#   Check if swap backing store is full
#   Decrease Java heap size (-Xmx/-Xms)
#   Decrease number of Java threads
#   Decrease Java thread stack sizes (-Xss)
#   Set larger code cache with -XX:ReservedCodeCacheSize=
#   JVM is running with Unscaled Compressed Oops mode in which the Java heap is
#     placed in the first 4GB address space. The Java Heap base address is the
#     maximum limit for the native heap growth. Please use -XX:HeapBaseMinAddress
#     to set the Java Heap base and to place the Java Heap above 4GB virtual address.
# This output file may be truncated or incomplete.
#
#  Out of Memory Error (os_windows.cpp:3603), pid=14060, tid=4540
#
# JRE version:  (21.0.7+8) (build )
# Java VM: Java HotSpot(TM) 64-Bit Server VM (21.0.7+8-LTS-245, mixed mode, sharing, tiered, compressed oops, compressed class ptrs, g1 gc, windows-amd64)
# No core dump will be written. Minidumps are not enabled by default on client versions of Windows
#

---------------  S U M M A R Y ------------

Command Line: -Dfile.encoding=windows-1252 -Duser.country=BR -Duser.language=pt -Duser.variant br.com.dio.Main

Host: Intel(R) Core(TM) i7-7700HQ CPU @ 2.80GHz, 8 cores, 7G,  Windows 10 , 64 bit Build 19041 (10.0.19041.5915)
Time: Mon Jul 14 14:12:28 2025 Hora oficial do Brasil elapsed time: 0.035935 seconds (0d 0h 0m 0s)

---------------  T H R E A D  ---------------

Current thread (0x000001c97f4b06f0):  JavaThread "Unknown thread" [_thread_in_vm, id=4540, stack(0x000000398b100000,0x000000398b200000) (1024K)]

Stack: [0x000000398b100000,0x000000398b200000]
Native frames: (J=compiled Java code, j=interpreted, Vv=VM code, C=native code)
V  [jvm.dll+0x6cae19]
V  [jvm.dll+0x855741]
V  [jvm.dll+0x857c6e]
V  [jvm.dll+0x858343]
V  [jvm.dll+0x27e0b6]
V  [jvm.dll+0x6c7595]
V  [jvm.dll+0x6bc0fa]
V  [jvm.dll+0x353eaa]
V  [jvm.dll+0x35bb26]
V  [jvm.dll+0x3ae52e]
V  [jvm.dll+0x3ae7d8]
V  [jvm.dll+0x3281bc]
V  [jvm.dll+0x328d1b]
V  [jvm.dll+0x81eaf9]
V  [jvm.dll+0x3bb211]
V  [jvm.dll+0x807d78]
V  [jvm.dll+0x4503ee]
V  [jvm.dll+0x451fe1]
C  [jli.dll+0x52a3]
C  [ucrtbase.dll+0x21bb2]
C  [KERNEL32.DLL+0x17374]
C  [ntdll.dll+0x4cc91]


---------------  P R O C E S S  ---------------

Threads class SMR info:
_java_thread_list=0x00007fff008bcc48, length=0, elements={
}

Java Threads: ( => current thread )
Total: 0

Other Threads:
  0x000001c97fb36e10 WorkerThread "GC Thread#0"                     [id=4284, stack(0x000000398b200000,0x000000398b300000) (1024K)]
  0x000001c97fb49820 ConcurrentGCThread "G1 Main Marker"            [id=15832, stack(0x000000398b300000,0x000000398b400000) (1024K)]
  0x000001c97fb4ab50 WorkerThread "G1 Conc#0"                       [id=17076, stack(0x000000398b400000,0x000000398b500000) (1024K)]

[error occurred during error reporting (printing all threads), id 0xc0000005, EXCEPTION_ACCESS_VIOLATION (0xc0000005) at pc=0x00007fff0002a947]
VM state: not at safepoint (not fully initialized)

VM Mutex/Monitor currently owned by a thread:  ([mutex/lock_event])
[0x00007fff0092df50] Heap_lock - owner thread: 0x000001c97f4b06f0

Heap address: 0x0000000082000000, size: 2016 MB, Compressed Oops mode: 32-bit

CDS archive(s) mapped at: [0x0000000000000000-0x0000000000000000-0x0000000000000000), size 0, SharedBaseAddress: 0x0000000800000000, ArchiveRelocationMode: 1.
Narrow klass base: 0x0000000000000000, Narrow klass shift: 0, Narrow klass range: 0x0

GC Precious Log:
 CardTable entry size: 512
 Card Set container configuration: InlinePtr #cards 5 size 8 Array Of Cards #cards 12 size 40 Howl #buckets 4 coarsen threshold 1843 Howl Bitmap #cards 512 size 80 coarsen threshold 460 Card regions per heap region 1 cards per card region 2048

Heap:
 garbage-first heap   total 0K, used 0K [0x0000000082000000, 0x0000000100000000)
  region size 1024K, 0 young (0K), 0 survivors (0K)

[error occurred during error reporting (printing heap information), id 0xc0000005, EXCEPTION_ACCESS_VIOLATION (0xc0000005) at pc=0x00007fff00413e79]
GC Heap History (0 events):
No events

Dll operation events (1 events):
Event: 0.012 Loaded shared library C:\Program Files\Java\jdk-21\bin\java.dll

Deoptimization events (0 events):
No events

Classes loaded (0 events):
No events

Classes unloaded (0 events):
No events

Classes redefined (0 events):
No events

Internal exceptions (0 events):
No events

ZGC Phase Switch (0 events):
No events

VM Operations (0 events):
No events

Events (0 events):
No events


Dynamic libraries:
0x00007ff6dcf10000 - 0x00007ff6dcf20000 	C:\Program Files\Java\jdk-21\bin\java.exe
0x00007fff8fd90000 - 0x00007fff8ff88000 	C:\Windows\SYSTEM32\ntdll.dll
0x00007fff48300000 - 0x00007fff48320000 	C:\Program Files\Avast Software\Avast\aswhook.dll
0x00007fff8e7d0000 - 0x00007fff8e892000 	C:\Windows\System32\KERNEL32.DLL
0x00007fff8d570000 - 0x00007fff8d866000 	C:\Windows\System32\KERNELBASE.dll
0x00007fff8d940000 - 0x00007fff8da40000 	C:\Windows\System32\ucrtbase.dll
0x00007fff87a70000 - 0x00007fff87a89000 	C:\Program Files\Java\jdk-21\bin\jli.dll
0x00007fff86b90000 - 0x00007fff86bab000 	C:\Program Files\Java\jdk-21\bin\VCRUNTIME140.dll
0x00007fff8f840000 - 0x00007fff8f8f1000 	C:\Windows\System32\ADVAPI32.dll
0x00007fff8f600000 - 0x00007fff8f69e000 	C:\Windows\System32\msvcrt.dll
0x00007fff8f990000 - 0x00007fff8fa2f000 	C:\Windows\System32\sechost.dll
0x00007fff8fc20000 - 0x00007fff8fd43000 	C:\Windows\System32\RPCRT4.dll
0x00007fff8d420000 - 0x00007fff8d447000 	C:\Windows\System32\bcrypt.dll
0x00007fff8f6a0000 - 0x00007fff8f83d000 	C:\Windows\System32\USER32.dll
0x00007fff8d870000 - 0x00007fff8d892000 	C:\Windows\System32\win32u.dll
0x00007fff75730000 - 0x00007fff759ca000 	C:\Windows\WinSxS\amd64_microsoft.windows.common-controls_6595b64144ccf1df_6.0.19041.5915_none_60b4b9d171f9c7c7\COMCTL32.dll
0x00007fff8f570000 - 0x00007fff8f59b000 	C:\Windows\System32\GDI32.dll
0x00007fff8d450000 - 0x00007fff8d569000 	C:\Windows\System32\gdi32full.dll
0x00007fff8d8a0000 - 0x00007fff8d93d000 	C:\Windows\System32\msvcp_win.dll
0x00007fff84d50000 - 0x00007fff84d5a000 	C:\Windows\SYSTEM32\VERSION.dll
0x00007fff8e6d0000 - 0x00007fff8e6ff000 	C:\Windows\System32\IMM32.DLL
0x00007fff83090000 - 0x00007fff8309c000 	C:\Program Files\Java\jdk-21\bin\vcruntime140_1.dll
0x00007fff42ac0000 - 0x00007fff42b4e000 	C:\Program Files\Java\jdk-21\bin\msvcp140.dll
0x00007ffeffcf0000 - 0x00007fff00a0a000 	C:\Program Files\Java\jdk-21\bin\server\jvm.dll
0x00007fff8fbb0000 - 0x00007fff8fc1b000 	C:\Windows\System32\WS2_32.dll
0x00007fff8d280000 - 0x00007fff8d2cb000 	C:\Windows\SYSTEM32\POWRPROF.dll
0x00007fff7d8d0000 - 0x00007fff7d8f7000 	C:\Windows\SYSTEM32\WINMM.dll
0x00007fff8d260000 - 0x00007fff8d272000 	C:\Windows\SYSTEM32\UMPDC.dll
0x00007fff8b440000 - 0x00007fff8b452000 	C:\Windows\SYSTEM32\kernel.appcore.dll
0x00007fff83080000 - 0x00007fff8308a000 	C:\Program Files\Java\jdk-21\bin\jimage.dll
0x00007fff8b120000 - 0x00007fff8b321000 	C:\Windows\SYSTEM32\DBGHELP.DLL
0x00007fff81f20000 - 0x00007fff81f54000 	C:\Windows\SYSTEM32\dbgcore.DLL
0x00007fff8dd20000 - 0x00007fff8dda2000 	C:\Windows\System32\bcryptPrimitives.dll
0x00007fff81160000 - 0x00007fff8117f000 	C:\Program Files\Java\jdk-21\bin\java.dll

dbghelp: loaded successfully - version: 4.0.5 - missing functions: none
symbol engine: initialized successfully - sym options: 0x614 - pdb path: .;C:\Program Files\Java\jdk-21\bin;C:\Windows\SYSTEM32;C:\Program Files\Avast Software\Avast;C:\Windows\WinSxS\amd64_microsoft.windows.common-controls_6595b64144ccf1df_6.0.19041.5915_none_60b4b9d171f9c7c7;C:\Program Files\Java\jdk-21\bin\server

VM Arguments:
jvm_args: -Dfile.encoding=windows-1252 -Duser.country=BR -Duser.language=pt -Duser.variant 
java_command: br.com.dio.Main
java_class_path (initial): C:\java-project\java-bank\build\classes\java\main;C:\java-project\java-bank\build\resources\main
Launcher Type: SUN_STANDARD

[Global flags]
     intx CICompilerCount                          = 4                                         {product} {ergonomic}
     uint ConcGCThreads                            = 2                                         {product} {ergonomic}
     uint G1ConcRefinementThreads                  = 8                                         {product} {ergonomic}
   size_t G1HeapRegionSize                         = 1048576                                   {product} {ergonomic}
    uintx GCDrainStackTargetSize                   = 64                                        {product} {ergonomic}
   size_t InitialHeapSize                          = 132120576                                 {product} {ergonomic}
   size_t MarkStackSize                            = 4194304                                   {product} {ergonomic}
   size_t MaxHeapSize                              = 2113929216                                {product} {ergonomic}
   size_t MinHeapDeltaBytes                        = 1048576                                   {product} {ergonomic}
   size_t MinHeapSize                              = 8388608                                   {product} {ergonomic}
    uintx NonNMethodCodeHeapSize                   = 5839372                                {pd product} {ergonomic}
    uintx NonProfiledCodeHeapSize                  = 122909434                              {pd product} {ergonomic}
    uintx ProfiledCodeHeapSize                     = 122909434                              {pd product} {ergonomic}
    uintx ReservedCodeCacheSize                    = 251658240                              {pd product} {ergonomic}
     bool SegmentedCodeCache                       = true                                      {product} {ergonomic}
   size_t SoftMaxHeapSize                          = 2113929216                             {manageable} {ergonomic}
     bool UseCompressedOops                        = true                           {product lp64_product} {ergonomic}
     bool UseG1GC                                  = true                                      {product} {ergonomic}
     bool UseLargePagesIndividualAllocation        = false                                  {pd product} {ergonomic}

Logging:
Log output configuration:
 #0: stdout all=warning uptime,level,tags foldmultilines=false
 #1: stderr all=off uptime,level,tags foldmultilines=false

Environment Variables:
JAVA_HOME=C:\Program Files\Java\jdk-21
PATH=C:\Program Files\Common Files\Oracle\Java\javapath;C:\Program Files\Python311\Scripts\;C:\Program Files\Python311\;C:\Windows\system32;C:\Windows;C:\Windows\System32\Wbem;C:\Windows\System32\WindowsPowerShell\v1.0\;C:\Windows\System32\OpenSSH\;C:\Program Files (x86)\NVIDIA Corporation\PhysX\Common;C:\Users\david\AppData\Roaming\nvm;C:\Program Files\nodejs;C:\Program Files\Java\jdk-21\bin;C:\ProgramData\UNIVALI\Portugol Studio;C:\Program Files\NVIDIA Corporation\NVIDIA app\NvDLISR;C:\Program Files\nodejs\;C:\Program Files\dotnet\;C:\maven\apache-maven-3.9.10\bin;C:\gradle\gradle-8.14.2\bin;C:\Program Files\Git\cmd;C:\Program Files\MySQL\MySQL Shell 8.0\bin\;C:\Users\david\AppData\Local\Microsoft\WindowsApps;C:\Users\david\AppData\Local\Programs\Microsoft VS Code\bin;C:\Users\david\AppData\Roaming\nvm;C:\Program Files\nodejs;C:\Program Files\JetBrains\PyCharm Community Edition 2024.2.3\bin;;C:\Users\david\AppData\Local\Microsoft\WinGet\Packages\Schniz.fnm_Microsoft.Winget.Source_8wekyb3d8bbwe;C:\Users\david\AppData\Roaming\npm;C:\Users\david\.dotnet\tools;C:\Program Files\JetBrains\JetBrains Rider 2025.1.3\bin;
USERNAME=david
OS=Windows_NT
PROCESSOR_IDENTIFIER=Intel64 Family 6 Model 158 Stepping 9, GenuineIntel
TMP=C:\Users\david\AppData\Local\Temp
TEMP=C:\Users\david\AppData\Local\Temp




Periodic native trim disabled

---------------  S Y S T E M  ---------------

OS:
 Windows 10 , 64 bit Build 19041 (10.0.19041.5915)
OS uptime: 3 days 19:43 hours
Hyper-V role detected

CPU: total 8 (initial active 8) (4 cores per cpu, 2 threads per core) family 6 model 158 stepping 9 microcode 0xea, cx8, cmov, fxsr, ht, mmx, 3dnowpref, sse, sse2, sse3, ssse3, sse4.1, sse4.2, popcnt, lzcnt, tsc, tscinvbit, avx, avx2, aes, erms, clmul, bmi1, bmi2, adx, fma, vzeroupper, clflush, clflushopt, hv, rdtscp, f16c
Processor Information for all 8 processors :
  Max Mhz: 2801, Current Mhz: 2801, Mhz Limit: 2801

Memory: 4k page, system-wide physical 8058M (369M free)
TotalPageFile size 10105M (AvailPageFile size 109M)
current process WorkingSet (physical memory assigned to process): 10M, peak: 10M
current process commit charge ("private bytes"): 60M, peak: 186M

vm_info: Java HotSpot(TM) 64-Bit Server VM (21.0.7+8-LTS-245) for windows-amd64 JRE (21.0.7+8-LTS-245), built on 2025-02-21T05:11:27Z by "mach5one" with MS VC++ 17.6 (VS2022)

END.
